[2022-10-25 17:12:03] [ INFO ] [Main:6] Começamos nosso método MAIN
[2022-10-25 17:12:03] [ ERROR] [Main:11] Erro ao dividir por zero
java.lang.ArithmeticException: / by zero
	at Main.main(Main.java:9)
[2022-10-25 17:12:03] [ WARN ] [Main:13] Aviso, o método MAIN está prestes a terminar
[2022-10-25 17:12:03] [ DEBUG] [Main:14] Isso será mostrado apenas se o infoLogger estiver em DEBUG
[2022-10-25 17:12:03] [ INFO ] [Main:15] Finalizamos a thread MAIN
[2022-10-25 17:44:23] [ INFO ] [ListaMedia:13] O comprimento da lista é maior que 5.
[2022-10-25 17:44:41] [ INFO ] [ListaMedia:13] O comprimento da lista é maior que 5.
[2022-10-25 17:44:42] [ INFO ] [ListaMedia:30] A média dos números é 5
[2022-10-25 17:50:16] [ INFO ] [ListaMedia:13] O comprimento da lista é maior que 5.
[2022-10-25 17:50:16] [ INFO ] [ListaMedia:30] A média dos números é 5
[2022-10-25 17:50:16] [ INFO ] [ListaMaximo:13] O comprimento da lista é maior que 5.
[2022-10-25 17:50:16] [ INFO ] [ListaMaximo:32] O maior número da lista é 10
[2022-10-25 17:50:32] [ INFO ] [ListaMedia:13] O comprimento da lista é maior que 5.
[2022-10-25 17:50:32] [ INFO ] [ListaMedia:30] A média dos números é 5
[2022-10-25 17:50:32] [ INFO ] [ListaMaximo:13] O comprimento da lista é maior que 5.
[2022-10-25 17:50:32] [ INFO ] [ListaMaximo:32] O maior número da lista é 42
[2022-10-25 17:52:15] [ INFO ] [ListaMedia:13] O comprimento da lista é maior que 5.
[2022-10-25 17:52:15] [ INFO ] [ListaMedia:30] A média dos números é 5
[2022-10-25 17:52:15] [ INFO ] [ListaMaximo:13] O comprimento da lista é maior que 5.
[2022-10-25 17:52:15] [ INFO ] [ListaMaximo:32] O maior número da lista é 42
[2022-10-25 17:52:15] [ INFO ] [ListaMaximo:13] O comprimento da lista é maior que 5.
[2022-10-25 17:52:15] [ INFO ] [ListaMaximo:32] O maior número da lista é 42
[2022-10-25 17:53:11] [ INFO ] [ListaMedia:13] O comprimento da lista é maior que 5.
[2022-10-25 17:53:11] [ INFO ] [ListaMedia:30] A média dos números é 5
[2022-10-25 17:53:11] [ INFO ] [ListaMaximo:13] O comprimento da lista é maior que 5.
[2022-10-25 17:53:11] [ INFO ] [ListaMaximo:32] O maior número da lista é 42
[2022-10-25 17:53:11] [ INFO ] [ListaMaximo:13] O comprimento da lista é maior que 5.
[2022-10-25 17:53:11] [ INFO ] [ListaMaximo:32] O menor número da lista é 0
[2022-10-25 17:55:36] [ INFO ] [ListaMedia:13] O comprimento da lista é maior que 5.
[2022-10-25 17:55:36] [ INFO ] [ListaMedia:30] A média dos números é 5
[2022-10-25 17:55:36] [ INFO ] [ListaMaximo:13] O comprimento da lista é maior que 5.
[2022-10-25 17:55:36] [ INFO ] [ListaMaximo:32] O maior número da lista é 42
[2022-10-25 17:55:36] [ INFO ] [ListaMaximo:13] O comprimento da lista é maior que 5.
[2022-10-25 17:55:36] [ INFO ] [ListaMaximo:32] O menor número da lista é 0
[2022-10-25 18:02:49] [ INFO ] [ListaMedia:13] O comprimento da lista é maior que 5.
[2022-10-25 18:02:49] [ INFO ] [ListaMedia:30] A média dos números é 5
[2022-10-25 18:02:49] [ INFO ] [ListaMaximo:13] O comprimento da lista é maior que 5.
[2022-10-25 18:02:49] [ INFO ] [ListaMaximo:32] O maior número da lista é 42
[2022-10-25 18:02:49] [ INFO ] [ListaMaximo:15] O comprimento da lista é maior que 5.
[2022-10-25 18:02:49] [ INFO ] [ListaMaximo:34] O menor número da lista é 2
[2022-10-25 22:00:35] [ INFO ] [ListaMedia:13] O comprimento da lista é maior que 5.
[2022-10-25 22:00:35] [ INFO ] [ListaMedia:30] A média dos números é 5
[2022-10-25 22:00:35] [ INFO ] [ListaMaximo:13] O comprimento da lista é maior que 5.
[2022-10-25 22:00:35] [ INFO ] [ListaMaximo:32] O maior número da lista é 42
[2022-10-25 22:00:35] [ INFO ] [ListaMaximo:15] O comprimento da lista é maior que 5.
[2022-10-25 22:00:35] [ INFO ] [ListaMaximo:34] O menor número da lista é 2
[2022-10-25 22:01:03] [ INFO ] [ListaMedia:13] O comprimento da lista é maior que 5.
[2022-10-25 22:01:03] [ INFO ] [ListaMedia:30] A média dos números é 5
[2022-10-25 22:01:03] [ INFO ] [ListaMaximo:13] O comprimento da lista é maior que 5.
[2022-10-25 22:01:03] [ INFO ] [ListaMaximo:32] O maior número da lista é 89
[2022-10-25 22:01:03] [ INFO ] [ListaMaximo:15] O comprimento da lista é maior que 5.
[2022-10-25 22:01:03] [ INFO ] [ListaMaximo:34] O menor número da lista é 2
[2022-10-25 22:02:53] [ INFO ] [ListaMedia:13] O comprimento da lista é maior que 5.
[2022-10-25 22:02:53] [ INFO ] [ListaMedia:30] A média dos números é 5
[2022-10-25 22:02:53] [ INFO ] [ListaMaximo:13] O comprimento da lista é maior que 5.
[2022-10-25 22:02:53] [ INFO ] [ListaMaximo:32] O maior número da lista é 89
[2022-10-25 22:02:53] [ INFO ] [ListaMaximo:15] O comprimento da lista é maior que 5.
[2022-10-25 22:02:53] [ INFO ] [ListaMaximo:34] O menor número da lista é 2
[2022-10-25 22:06:14] [ INFO ] [ListaMedia:13] O comprimento da lista é maior que 5.
[2022-10-25 22:06:14] [ INFO ] [ListaMedia:30] A média dos números é 5
[2022-10-25 22:06:14] [ INFO ] [ListaMaximo:13] O comprimento da lista é maior que 5.
[2022-10-25 22:06:14] [ INFO ] [ListaMaximo:32] O maior número da lista é 89
[2022-10-25 22:06:14] [ INFO ] [ListaMaximo:15] O comprimento da lista é maior que 5.
[2022-10-25 22:06:14] [ INFO ] [ListaMaximo:34] O menor número da lista é 2
[2022-10-25 23:21:30] [ INFO ] [ListaMedia:13] O comprimento da lista é maior que 5.
[2022-10-25 23:21:30] [ INFO ] [ListaMedia:30] A média dos números é 5
[2022-10-25 23:21:30] [ INFO ] [ListaMaximo:13] O comprimento da lista é maior que 5.
[2022-10-25 23:21:30] [ INFO ] [ListaMaximo:32] O maior número da lista é 89
[2022-10-25 23:21:30] [ INFO ] [ListaMaximo:15] O comprimento da lista é maior que 5.
[2022-10-25 23:21:30] [ INFO ] [ListaMaximo:34] O menor número da lista é 2
[2022-10-25 23:24:36] [ INFO ] [ListaMedia:13] O comprimento da lista é maior que 5.
[2022-10-25 23:24:36] [ INFO ] [ListaMedia:30] A média dos números é 5
[2022-10-25 23:24:36] [ INFO ] [ListaMaximo:13] O comprimento da lista é maior que 5.
[2022-10-25 23:24:36] [ INFO ] [ListaMaximo:32] O maior número da lista é 89
[2022-10-25 23:24:36] [ INFO ] [ListaMaximo:15] O comprimento da lista é maior que 5.
[2022-10-25 23:24:36] [ INFO ] [ListaMaximo:34] O menor número da lista é 2
[2022-10-25 23:24:49] [ INFO ] [ListaMedia:13] O comprimento da lista é maior que 5.
[2022-10-25 23:24:49] [ INFO ] [ListaMedia:30] A média dos números é 5
[2022-10-25 23:24:49] [ INFO ] [ListaMaximo:13] O comprimento da lista é maior que 5.
[2022-10-25 23:24:49] [ INFO ] [ListaMaximo:32] O maior número da lista é 89
[2022-10-25 23:24:49] [ INFO ] [ListaMaximo:15] O comprimento da lista é maior que 5.
[2022-10-25 23:24:49] [ INFO ] [ListaMaximo:34] O menor número da lista é 2
[2022-10-25 23:27:00] [ INFO ] [ListaMedia:13] O comprimento da lista é maior que 5.
[2022-10-25 23:27:00] [ INFO ] [ListaMedia:30] A média dos números é 5
[2022-10-25 23:27:00] [ INFO ] [ListaMaximo:13] O comprimento da lista é maior que 5.
[2022-10-25 23:27:00] [ INFO ] [ListaMaximo:32] O maior número da lista é 89
[2022-10-25 23:27:00] [ DEBUG] [ListaMaximo:15] O comprimento da lista é maior que 5.
[2022-10-25 23:27:00] [ INFO ] [ListaMaximo:34] O menor número da lista é 2
[2022-10-25 23:29:26] [ INFO ] [ListaMedia:13] O comprimento da lista é maior que 5.
[2022-10-25 23:29:26] [ INFO ] [ListaMedia:30] A média dos números é 5
[2022-10-25 23:29:26] [ INFO ] [ListaMaximo:13] O comprimento da lista é maior que 5.
[2022-10-25 23:29:26] [ INFO ] [ListaMaximo:32] O maior número da lista é 89
[2022-10-25 23:29:26] [ DEBUG] [ListaMaximo:15] O comprimento da lista é maior que 5.
[2022-10-25 23:29:26] [ INFO ] [ListaMaximo:34] O menor número da lista é 2
[2022-10-25 23:29:52] [ INFO ] [ListaMedia:13] O comprimento da lista é maior que 5.
[2022-10-25 23:29:52] [ INFO ] [ListaMedia:30] A média dos números é 5
[2022-10-25 23:29:52] [ INFO ] [ListaMaximo:13] O comprimento da lista é maior que 5.
[2022-10-25 23:29:52] [ INFO ] [ListaMaximo:32] O maior número da lista é 89
[2022-10-25 23:29:52] [ DEBUG] [ListaMaximo:15] O comprimento da lista é maior que 5.
[2022-10-25 23:29:52] [ INFO ] [ListaMaximo:34] O menor número da lista é 2
[2022-10-25 23:30:10] [ INFO ] [ListaMedia:13] O comprimento da lista é maior que 5.
[2022-10-25 23:30:10] [ INFO ] [ListaMedia:30] A média dos números é 5
[2022-10-25 23:30:10] [ INFO ] [ListaMaximo:13] O comprimento da lista é maior que 5.
[2022-10-25 23:30:10] [ INFO ] [ListaMaximo:32] O maior número da lista é 89
[2022-10-25 23:30:10] [ DEBUG] [ListaMaximo:15] O comprimento da lista é maior que 5.
[2022-10-25 23:30:10] [ INFO ] [ListaMaximo:34] O menor número da lista é 2
